[2024-11-02T04:34:21.940+0000] {manager.py:483} INFO - Processing files using up to 2 processes at a time 
[2024-11-02T04:34:21.943+0000] {manager.py:484} INFO - Process each file at most once every 10 seconds
[2024-11-02T04:34:21.945+0000] {manager.py:485} INFO - Checking for new files in /opt/airflow/dags every 300 seconds
[2024-11-02T04:34:21.947+0000] {manager.py:821} INFO - Searching for files in /opt/airflow/dags
[2024-11-02T04:34:22.008+0000] {manager.py:824} INFO - There are 1 files in /opt/airflow/dags
[2024-11-02T04:34:22.165+0000] {manager.py:997} INFO - 
================================================================================
DAG File Processing Stats

File Path                    PID  Runtime      # DAGs    # Errors  Last Runtime    Last Run      Last # of DB Queries
-------------------------  -----  ---------  --------  ----------  --------------  ----------  ----------------------
/opt/airflow/dags/dags.py    169  0.06s             0           0                                                   0
================================================================================
[2024-11-02T04:34:52.673+0000] {manager.py:997} INFO - 
================================================================================
DAG File Processing Stats

File Path                  PID    Runtime      # DAGs    # Errors  Last Runtime    Last Run               Last # of DB Queries
-------------------------  -----  ---------  --------  ----------  --------------  -------------------  ----------------------
/opt/airflow/dags/dags.py                           1           0  0.95s           2024-11-02T04:34:46                      12
================================================================================
[2024-11-02T04:35:23.075+0000] {manager.py:997} INFO - 
================================================================================
DAG File Processing Stats

File Path                  PID    Runtime      # DAGs    # Errors  Last Runtime    Last Run               Last # of DB Queries
-------------------------  -----  ---------  --------  ----------  --------------  -------------------  ----------------------
/opt/airflow/dags/dags.py                           1           0  0.81s           2024-11-02T04:35:20                      12
================================================================================
[2024-11-02T04:35:53.315+0000] {manager.py:997} INFO - 
================================================================================
DAG File Processing Stats

File Path                  PID    Runtime      # DAGs    # Errors  Last Runtime    Last Run               Last # of DB Queries
-------------------------  -----  ---------  --------  ----------  --------------  -------------------  ----------------------
/opt/airflow/dags/dags.py                           1           0  0.80s           2024-11-02T04:35:53                      12
================================================================================
[2024-11-02T04:36:23.619+0000] {manager.py:997} INFO - 
================================================================================
DAG File Processing Stats

File Path                  PID    Runtime      # DAGs    # Errors  Last Runtime    Last Run               Last # of DB Queries
-------------------------  -----  ---------  --------  ----------  --------------  -------------------  ----------------------
/opt/airflow/dags/dags.py                           1           0  1.06s           2024-11-02T04:36:15                      12
================================================================================
[2024-11-02T04:36:53.834+0000] {manager.py:997} INFO - 
================================================================================
DAG File Processing Stats

File Path                  PID    Runtime      # DAGs    # Errors  Last Runtime    Last Run               Last # of DB Queries
-------------------------  -----  ---------  --------  ----------  --------------  -------------------  ----------------------
/opt/airflow/dags/dags.py                           1           0  0.98s           2024-11-02T04:36:48                      12
================================================================================
[2024-11-02T04:37:23.922+0000] {manager.py:997} INFO - 
================================================================================
DAG File Processing Stats

File Path                  PID    Runtime      # DAGs    # Errors  Last Runtime    Last Run               Last # of DB Queries
-------------------------  -----  ---------  --------  ----------  --------------  -------------------  ----------------------
/opt/airflow/dags/dags.py                           1           0  0.92s           2024-11-02T04:37:21                      12
================================================================================
[2024-11-02T04:37:54.152+0000] {manager.py:997} INFO - 
================================================================================
DAG File Processing Stats

File Path                    PID  Runtime      # DAGs    # Errors  Last Runtime    Last Run               Last # of DB Queries
-------------------------  -----  ---------  --------  ----------  --------------  -------------------  ----------------------
/opt/airflow/dags/dags.py    283  0.01s             1           0  0.94s           2024-11-02T04:37:44                      12
================================================================================
[2024-11-02T04:38:24.378+0000] {manager.py:997} INFO - 
================================================================================
DAG File Processing Stats

File Path                  PID    Runtime      # DAGs    # Errors  Last Runtime    Last Run               Last # of DB Queries
-------------------------  -----  ---------  --------  ----------  --------------  -------------------  ----------------------
/opt/airflow/dags/dags.py                           1           0  0.97s           2024-11-02T04:38:17                      12
================================================================================
[2024-11-02T04:38:54.716+0000] {manager.py:997} INFO - 
================================================================================
DAG File Processing Stats

File Path                  PID    Runtime      # DAGs    # Errors  Last Runtime    Last Run               Last # of DB Queries
-------------------------  -----  ---------  --------  ----------  --------------  -------------------  ----------------------
/opt/airflow/dags/dags.py                           1           0  1.12s           2024-11-02T04:38:50                      12
================================================================================
[2024-11-02T04:39:22.187+0000] {manager.py:821} INFO - Searching for files in /opt/airflow/dags
[2024-11-02T04:39:22.432+0000] {manager.py:824} INFO - There are 1 files in /opt/airflow/dags
[2024-11-02T04:39:24.909+0000] {manager.py:997} INFO - 
================================================================================
DAG File Processing Stats

File Path                    PID  Runtime      # DAGs    # Errors  Last Runtime    Last Run               Last # of DB Queries
-------------------------  -----  ---------  --------  ----------  --------------  -------------------  ----------------------
/opt/airflow/dags/dags.py    347  1.25s             1           0  1.20s           2024-11-02T04:39:13                      12
================================================================================
[2024-11-02T04:39:54.975+0000] {manager.py:997} INFO - 
================================================================================
DAG File Processing Stats

File Path                    PID  Runtime      # DAGs    # Errors  Last Runtime    Last Run               Last # of DB Queries
-------------------------  -----  ---------  --------  ----------  --------------  -------------------  ----------------------
/opt/airflow/dags/dags.py    370  6.47s             1           0  14.69s          2024-11-02T04:39:38                      12
================================================================================
[2024-11-02T04:40:25.105+0000] {manager.py:997} INFO - 
================================================================================
DAG File Processing Stats

File Path                    PID  Runtime      # DAGs    # Errors  Last Runtime    Last Run               Last # of DB Queries
-------------------------  -----  ---------  --------  ----------  --------------  -------------------  ----------------------
/opt/airflow/dags/dags.py    429  6.91s             1           0  19.20s          2024-11-02T04:40:07                      12
================================================================================
[2024-11-02T04:40:55.847+0000] {manager.py:997} INFO - 
================================================================================
DAG File Processing Stats

File Path                  PID    Runtime      # DAGs    # Errors  Last Runtime    Last Run               Last # of DB Queries
-------------------------  -----  ---------  --------  ----------  --------------  -------------------  ----------------------
/opt/airflow/dags/dags.py                           0           1  34.23s          2024-11-02T04:40:52                       3
================================================================================
[2024-11-02T04:41:26.016+0000] {manager.py:997} INFO - 
================================================================================
DAG File Processing Stats

File Path                    PID  Runtime      # DAGs    # Errors  Last Runtime    Last Run               Last # of DB Queries
-------------------------  -----  ---------  --------  ----------  --------------  -------------------  ----------------------
/opt/airflow/dags/dags.py    457  22.53s            0           1  34.23s          2024-11-02T04:40:52                       3
================================================================================
[2024-11-02T04:41:56.614+0000] {manager.py:997} INFO - 
================================================================================
DAG File Processing Stats

File Path                  PID    Runtime      # DAGs    # Errors  Last Runtime    Last Run               Last # of DB Queries
-------------------------  -----  ---------  --------  ----------  --------------  -------------------  ----------------------
/opt/airflow/dags/dags.py                           1           0  1.08s           2024-11-02T04:41:55                      12
================================================================================
[2024-11-02T04:42:26.757+0000] {manager.py:997} INFO - 
================================================================================
DAG File Processing Stats

File Path                  PID    Runtime      # DAGs    # Errors  Last Runtime    Last Run               Last # of DB Queries
-------------------------  -----  ---------  --------  ----------  --------------  -------------------  ----------------------
/opt/airflow/dags/dags.py                           1           0  0.87s           2024-11-02T04:42:17                      12
================================================================================
[2024-11-02T04:42:56.852+0000] {manager.py:997} INFO - 
================================================================================
DAG File Processing Stats

File Path                  PID    Runtime      # DAGs    # Errors  Last Runtime    Last Run               Last # of DB Queries
-------------------------  -----  ---------  --------  ----------  --------------  -------------------  ----------------------
/opt/airflow/dags/dags.py                           1           0  0.92s           2024-11-02T04:42:50                      12
================================================================================
[2024-11-02T04:43:27.159+0000] {manager.py:997} INFO - 
================================================================================
DAG File Processing Stats

File Path                  PID    Runtime      # DAGs    # Errors  Last Runtime    Last Run               Last # of DB Queries
-------------------------  -----  ---------  --------  ----------  --------------  -------------------  ----------------------
/opt/airflow/dags/dags.py                           1           0  0.97s           2024-11-02T04:43:24                      12
================================================================================
[2024-11-02T04:43:57.244+0000] {manager.py:997} INFO - 
================================================================================
DAG File Processing Stats

File Path                    PID  Runtime      # DAGs    # Errors  Last Runtime    Last Run               Last # of DB Queries
-------------------------  -----  ---------  --------  ----------  --------------  -------------------  ----------------------
/opt/airflow/dags/dags.py    547  0.74s             1           0  0.96s           2024-11-02T04:43:46                      12
================================================================================
[2024-11-02T04:44:22.422+0000] {manager.py:821} INFO - Searching for files in /opt/airflow/dags
[2024-11-02T04:44:22.455+0000] {manager.py:824} INFO - There are 1 files in /opt/airflow/dags
[2024-11-02T04:44:27.619+0000] {manager.py:997} INFO - 
================================================================================
DAG File Processing Stats

File Path                  PID    Runtime      # DAGs    # Errors  Last Runtime    Last Run               Last # of DB Queries
-------------------------  -----  ---------  --------  ----------  --------------  -------------------  ----------------------
/opt/airflow/dags/dags.py                           1           0  0.97s           2024-11-02T04:44:19                      12
================================================================================
[2024-11-02T04:44:57.723+0000] {manager.py:997} INFO - 
================================================================================
DAG File Processing Stats

File Path                  PID    Runtime      # DAGs    # Errors  Last Runtime    Last Run               Last # of DB Queries
-------------------------  -----  ---------  --------  ----------  --------------  -------------------  ----------------------
/opt/airflow/dags/dags.py                           1           0  0.81s           2024-11-02T04:44:52                      12
================================================================================
[2024-11-02T04:45:27.751+0000] {manager.py:997} INFO - 
================================================================================
DAG File Processing Stats

File Path                  PID    Runtime      # DAGs    # Errors  Last Runtime    Last Run               Last # of DB Queries
-------------------------  -----  ---------  --------  ----------  --------------  -------------------  ----------------------
/opt/airflow/dags/dags.py                           1           0  0.83s           2024-11-02T04:45:25                      12
================================================================================
[2024-11-02T04:45:51.548+0000] {manager.py:465} INFO - Exiting gracefully upon receiving signal 15
[2024-11-02T07:56:11.323+0000] {manager.py:483} INFO - Processing files using up to 2 processes at a time 
[2024-11-02T07:56:11.326+0000] {manager.py:484} INFO - Process each file at most once every 10 seconds
[2024-11-02T07:56:11.328+0000] {manager.py:485} INFO - Checking for new files in /opt/airflow/dags every 300 seconds
[2024-11-02T07:56:11.330+0000] {manager.py:821} INFO - Searching for files in /opt/airflow/dags
[2024-11-02T07:56:11.462+0000] {manager.py:824} INFO - There are 1 files in /opt/airflow/dags
[2024-11-02T07:56:11.735+0000] {manager.py:997} INFO - 
================================================================================
DAG File Processing Stats

File Path                    PID  Runtime      # DAGs    # Errors  Last Runtime    Last Run      Last # of DB Queries
-------------------------  -----  ---------  --------  ----------  --------------  ----------  ----------------------
/opt/airflow/dags/dags.py    170  0.08s             0           0                                                   0
================================================================================
[2024-11-02T07:56:41.920+0000] {manager.py:997} INFO - 
================================================================================
DAG File Processing Stats

File Path                  PID    Runtime      # DAGs    # Errors  Last Runtime    Last Run               Last # of DB Queries
-------------------------  -----  ---------  --------  ----------  --------------  -------------------  ----------------------
/opt/airflow/dags/dags.py                           1           0  0.93s           2024-11-02T07:56:38                      12
================================================================================
[2024-11-02T07:57:11.974+0000] {manager.py:997} INFO - 
================================================================================
DAG File Processing Stats

File Path                  PID    Runtime      # DAGs    # Errors  Last Runtime    Last Run               Last # of DB Queries
-------------------------  -----  ---------  --------  ----------  --------------  -------------------  ----------------------
/opt/airflow/dags/dags.py                           1           0  0.87s           2024-11-02T07:57:11                      12
================================================================================
[2024-11-02T07:57:42.328+0000] {manager.py:997} INFO - 
================================================================================
DAG File Processing Stats

File Path                  PID    Runtime      # DAGs    # Errors  Last Runtime    Last Run               Last # of DB Queries
-------------------------  -----  ---------  --------  ----------  --------------  -------------------  ----------------------
/opt/airflow/dags/dags.py                           1           0  0.79s           2024-11-02T07:57:34                      12
================================================================================
[2024-11-02T07:58:12.449+0000] {manager.py:997} INFO - 
================================================================================
DAG File Processing Stats

File Path                  PID    Runtime      # DAGs    # Errors  Last Runtime    Last Run               Last # of DB Queries
-------------------------  -----  ---------  --------  ----------  --------------  -------------------  ----------------------
/opt/airflow/dags/dags.py                           1           0  0.89s           2024-11-02T07:58:07                      12
================================================================================
[2024-11-02T07:58:42.528+0000] {manager.py:997} INFO - 
================================================================================
DAG File Processing Stats

File Path                  PID    Runtime      # DAGs    # Errors  Last Runtime    Last Run               Last # of DB Queries
-------------------------  -----  ---------  --------  ----------  --------------  -------------------  ----------------------
/opt/airflow/dags/dags.py                           1           0  0.88s           2024-11-02T07:58:40                      12
================================================================================
[2024-11-02T07:59:12.840+0000] {manager.py:997} INFO - 
================================================================================
DAG File Processing Stats

File Path                    PID  Runtime      # DAGs    # Errors  Last Runtime    Last Run               Last # of DB Queries
-------------------------  -----  ---------  --------  ----------  --------------  -------------------  ----------------------
/opt/airflow/dags/dags.py    266  0.00s             1           0  0.97s           2024-11-02T07:59:02                      12
================================================================================
[2024-11-02T07:59:42.982+0000] {manager.py:997} INFO - 
================================================================================
DAG File Processing Stats

File Path                  PID    Runtime      # DAGs    # Errors  Last Runtime    Last Run               Last # of DB Queries
-------------------------  -----  ---------  --------  ----------  --------------  -------------------  ----------------------
/opt/airflow/dags/dags.py                           1           0  0.85s           2024-11-02T07:59:35                      12
================================================================================
[2024-11-02T08:00:13.243+0000] {manager.py:997} INFO - 
================================================================================
DAG File Processing Stats

File Path                  PID    Runtime      # DAGs    # Errors  Last Runtime    Last Run               Last # of DB Queries
-------------------------  -----  ---------  --------  ----------  --------------  -------------------  ----------------------
/opt/airflow/dags/dags.py                           1           0  1.10s           2024-11-02T08:00:09                      12
================================================================================
[2024-11-02T08:00:43.549+0000] {manager.py:997} INFO - 
================================================================================
DAG File Processing Stats

File Path                  PID    Runtime      # DAGs    # Errors  Last Runtime    Last Run               Last # of DB Queries
-------------------------  -----  ---------  --------  ----------  --------------  -------------------  ----------------------
/opt/airflow/dags/dags.py                           1           0  0.90s           2024-11-02T08:00:42                      12
================================================================================
[2024-11-02T08:01:11.793+0000] {manager.py:821} INFO - Searching for files in /opt/airflow/dags
[2024-11-02T08:01:11.852+0000] {manager.py:824} INFO - There are 1 files in /opt/airflow/dags
[2024-11-02T08:01:13.901+0000] {manager.py:997} INFO - 
================================================================================
DAG File Processing Stats

File Path                  PID    Runtime      # DAGs    # Errors  Last Runtime    Last Run               Last # of DB Queries
-------------------------  -----  ---------  --------  ----------  --------------  -------------------  ----------------------
/opt/airflow/dags/dags.py                           1           0  0.83s           2024-11-02T08:01:04                      12
================================================================================
[2024-11-02T08:01:43.978+0000] {manager.py:997} INFO - 
================================================================================
DAG File Processing Stats

File Path                  PID    Runtime      # DAGs    # Errors  Last Runtime    Last Run               Last # of DB Queries
-------------------------  -----  ---------  --------  ----------  --------------  -------------------  ----------------------
/opt/airflow/dags/dags.py                           1           0  2.08s           2024-11-02T08:01:38                      12
================================================================================
[2024-11-02T08:02:14.066+0000] {manager.py:997} INFO - 
================================================================================
DAG File Processing Stats

File Path                  PID    Runtime      # DAGs    # Errors  Last Runtime    Last Run               Last # of DB Queries
-------------------------  -----  ---------  --------  ----------  --------------  -------------------  ----------------------
/opt/airflow/dags/dags.py                           1           0  0.91s           2024-11-02T08:02:12                      12
================================================================================
[2024-11-02T08:02:44.566+0000] {manager.py:997} INFO - 
================================================================================
DAG File Processing Stats

File Path                  PID    Runtime      # DAGs    # Errors  Last Runtime    Last Run               Last # of DB Queries
-------------------------  -----  ---------  --------  ----------  --------------  -------------------  ----------------------
/opt/airflow/dags/dags.py                           1           0  2.27s           2024-11-02T08:02:35                      12
================================================================================
[2024-11-02T08:03:14.728+0000] {manager.py:997} INFO - 
================================================================================
DAG File Processing Stats

File Path                  PID    Runtime      # DAGs    # Errors  Last Runtime    Last Run               Last # of DB Queries
-------------------------  -----  ---------  --------  ----------  --------------  -------------------  ----------------------
/opt/airflow/dags/dags.py                           1           0  0.90s           2024-11-02T08:03:08                      12
================================================================================
[2024-11-02T08:03:44.761+0000] {manager.py:997} INFO - 
================================================================================
DAG File Processing Stats

File Path                  PID    Runtime      # DAGs    # Errors  Last Runtime    Last Run               Last # of DB Queries
-------------------------  -----  ---------  --------  ----------  --------------  -------------------  ----------------------
/opt/airflow/dags/dags.py                           1           0  0.89s           2024-11-02T08:03:41                      12
================================================================================
[2024-11-02T08:04:14.902+0000] {manager.py:997} INFO - 
================================================================================
DAG File Processing Stats

File Path                    PID  Runtime      # DAGs    # Errors  Last Runtime    Last Run               Last # of DB Queries
-------------------------  -----  ---------  --------  ----------  --------------  -------------------  ----------------------
/opt/airflow/dags/dags.py    428  0.86s             1           0  0.92s           2024-11-02T08:04:03                      12
================================================================================
[2024-11-02T08:04:45.403+0000] {manager.py:997} INFO - 
================================================================================
DAG File Processing Stats

File Path                  PID    Runtime      # DAGs    # Errors  Last Runtime    Last Run               Last # of DB Queries
-------------------------  -----  ---------  --------  ----------  --------------  -------------------  ----------------------
/opt/airflow/dags/dags.py                           1           0  0.87s           2024-11-02T08:04:41                      12
================================================================================
[2024-11-02T08:05:15.629+0000] {manager.py:997} INFO - 
================================================================================
DAG File Processing Stats

File Path                  PID    Runtime      # DAGs    # Errors  Last Runtime    Last Run               Last # of DB Queries
-------------------------  -----  ---------  --------  ----------  --------------  -------------------  ----------------------
/opt/airflow/dags/dags.py                           1           0  0.93s           2024-11-02T08:05:14                      12
================================================================================
[2024-11-02T08:05:45.728+0000] {manager.py:997} INFO - 
================================================================================
DAG File Processing Stats

File Path                  PID    Runtime      # DAGs    # Errors  Last Runtime    Last Run               Last # of DB Queries
-------------------------  -----  ---------  --------  ----------  --------------  -------------------  ----------------------
/opt/airflow/dags/dags.py                           1           0  0.96s           2024-11-02T08:05:36                      12
================================================================================
[2024-11-02T08:06:12.098+0000] {manager.py:821} INFO - Searching for files in /opt/airflow/dags
[2024-11-02T08:06:12.171+0000] {manager.py:824} INFO - There are 1 files in /opt/airflow/dags
[2024-11-02T08:06:15.775+0000] {manager.py:997} INFO - 
================================================================================
DAG File Processing Stats

File Path                  PID    Runtime      # DAGs    # Errors  Last Runtime    Last Run               Last # of DB Queries
-------------------------  -----  ---------  --------  ----------  --------------  -------------------  ----------------------
/opt/airflow/dags/dags.py                           1           0  1.40s           2024-11-02T08:06:12                      12
================================================================================
[2024-11-02T08:06:46.028+0000] {manager.py:997} INFO - 
================================================================================
DAG File Processing Stats

File Path                  PID    Runtime      # DAGs    # Errors  Last Runtime    Last Run               Last # of DB Queries
-------------------------  -----  ---------  --------  ----------  --------------  -------------------  ----------------------
/opt/airflow/dags/dags.py                           1           0  0.80s           2024-11-02T08:06:45                      12
================================================================================
[2024-11-02T08:07:16.763+0000] {manager.py:997} INFO - 
================================================================================
DAG File Processing Stats

File Path                  PID    Runtime      # DAGs    # Errors  Last Runtime    Last Run               Last # of DB Queries
-------------------------  -----  ---------  --------  ----------  --------------  -------------------  ----------------------
/opt/airflow/dags/dags.py                           1           0  0.93s           2024-11-02T08:07:07                      12
================================================================================
[2024-11-02T08:07:47.039+0000] {manager.py:997} INFO - 
================================================================================
DAG File Processing Stats

File Path                  PID    Runtime      # DAGs    # Errors  Last Runtime    Last Run               Last # of DB Queries
-------------------------  -----  ---------  --------  ----------  --------------  -------------------  ----------------------
/opt/airflow/dags/dags.py                           1           0  0.81s           2024-11-02T08:07:40                      12
================================================================================
[2024-11-02T08:08:17.068+0000] {manager.py:997} INFO - 
================================================================================
DAG File Processing Stats

File Path                  PID    Runtime      # DAGs    # Errors  Last Runtime    Last Run               Last # of DB Queries
-------------------------  -----  ---------  --------  ----------  --------------  -------------------  ----------------------
/opt/airflow/dags/dags.py                           1           0  0.82s           2024-11-02T08:08:14                      12
================================================================================
[2024-11-02T08:08:47.289+0000] {manager.py:997} INFO - 
================================================================================
DAG File Processing Stats

File Path                  PID    Runtime      # DAGs    # Errors  Last Runtime    Last Run               Last # of DB Queries
-------------------------  -----  ---------  --------  ----------  --------------  -------------------  ----------------------
/opt/airflow/dags/dags.py                           1           0  0.84s           2024-11-02T08:08:47                      12
================================================================================
[2024-11-02T08:09:17.743+0000] {manager.py:997} INFO - 
================================================================================
DAG File Processing Stats

File Path                  PID    Runtime      # DAGs    # Errors  Last Runtime    Last Run               Last # of DB Queries
-------------------------  -----  ---------  --------  ----------  --------------  -------------------  ----------------------
/opt/airflow/dags/dags.py                           1           0  0.95s           2024-11-02T08:09:09                      12
================================================================================
[2024-11-02T08:09:47.768+0000] {manager.py:997} INFO - 
================================================================================
DAG File Processing Stats

File Path                  PID    Runtime      # DAGs    # Errors  Last Runtime    Last Run               Last # of DB Queries
-------------------------  -----  ---------  --------  ----------  --------------  -------------------  ----------------------
/opt/airflow/dags/dags.py                           1           0  0.78s           2024-11-02T08:09:42                      12
================================================================================
[2024-11-02T08:10:17.908+0000] {manager.py:997} INFO - 
================================================================================
DAG File Processing Stats

File Path                  PID    Runtime      # DAGs    # Errors  Last Runtime    Last Run               Last # of DB Queries
-------------------------  -----  ---------  --------  ----------  --------------  -------------------  ----------------------
/opt/airflow/dags/dags.py                           1           0  0.90s           2024-11-02T08:10:15                      12
================================================================================
[2024-11-02T08:10:48.057+0000] {manager.py:997} INFO - 
================================================================================
DAG File Processing Stats

File Path                  PID    Runtime      # DAGs    # Errors  Last Runtime    Last Run               Last # of DB Queries
-------------------------  -----  ---------  --------  ----------  --------------  -------------------  ----------------------
/opt/airflow/dags/dags.py                           1           0  1.75s           2024-11-02T08:10:38                      12
================================================================================
[2024-11-02T08:11:12.231+0000] {manager.py:821} INFO - Searching for files in /opt/airflow/dags
[2024-11-02T08:11:12.281+0000] {manager.py:824} INFO - There are 1 files in /opt/airflow/dags
[2024-11-02T08:11:18.395+0000] {manager.py:997} INFO - 
================================================================================
DAG File Processing Stats

File Path                  PID    Runtime      # DAGs    # Errors  Last Runtime    Last Run               Last # of DB Queries
-------------------------  -----  ---------  --------  ----------  --------------  -------------------  ----------------------
/opt/airflow/dags/dags.py                           1           0  0.85s           2024-11-02T08:11:11                      12
================================================================================
[2024-11-02T08:11:48.828+0000] {manager.py:997} INFO - 
================================================================================
DAG File Processing Stats

File Path                  PID    Runtime      # DAGs    # Errors  Last Runtime    Last Run               Last # of DB Queries
-------------------------  -----  ---------  --------  ----------  --------------  -------------------  ----------------------
/opt/airflow/dags/dags.py                           1           0  0.82s           2024-11-02T08:11:44                      12
================================================================================
[2024-11-02T08:12:19.159+0000] {manager.py:997} INFO - 
================================================================================
DAG File Processing Stats

File Path                  PID    Runtime      # DAGs    # Errors  Last Runtime    Last Run               Last # of DB Queries
-------------------------  -----  ---------  --------  ----------  --------------  -------------------  ----------------------
/opt/airflow/dags/dags.py                           1           0  0.87s           2024-11-02T08:12:18                      12
================================================================================
[2024-11-02T08:12:49.505+0000] {manager.py:997} INFO - 
================================================================================
DAG File Processing Stats

File Path                  PID    Runtime      # DAGs    # Errors  Last Runtime    Last Run               Last # of DB Queries
-------------------------  -----  ---------  --------  ----------  --------------  -------------------  ----------------------
/opt/airflow/dags/dags.py                           1           0  0.92s           2024-11-02T08:12:40                      12
================================================================================
[2024-11-02T08:13:19.941+0000] {manager.py:997} INFO - 
================================================================================
DAG File Processing Stats

File Path                  PID    Runtime      # DAGs    # Errors  Last Runtime    Last Run               Last # of DB Queries
-------------------------  -----  ---------  --------  ----------  --------------  -------------------  ----------------------
/opt/airflow/dags/dags.py                           1           0  0.85s           2024-11-02T08:13:14                      12
================================================================================
[2024-11-02T08:13:50.729+0000] {manager.py:997} INFO - 
================================================================================
DAG File Processing Stats

File Path                  PID    Runtime      # DAGs    # Errors  Last Runtime    Last Run               Last # of DB Queries
-------------------------  -----  ---------  --------  ----------  --------------  -------------------  ----------------------
/opt/airflow/dags/dags.py                           1           0  0.82s           2024-11-02T08:13:48                      12
================================================================================
[2024-11-02T08:14:20.948+0000] {manager.py:997} INFO - 
================================================================================
DAG File Processing Stats

File Path                    PID  Runtime      # DAGs    # Errors  Last Runtime    Last Run               Last # of DB Queries
-------------------------  -----  ---------  --------  ----------  --------------  -------------------  ----------------------
/opt/airflow/dags/dags.py    752  0.01s             1           0  0.84s           2024-11-02T08:14:10                      12
================================================================================
[2024-11-02T08:14:51.191+0000] {manager.py:997} INFO - 
================================================================================
DAG File Processing Stats

File Path                  PID    Runtime      # DAGs    # Errors  Last Runtime    Last Run               Last # of DB Queries
-------------------------  -----  ---------  --------  ----------  --------------  -------------------  ----------------------
/opt/airflow/dags/dags.py                           1           0  5.30s           2024-11-02T08:14:48                      12
================================================================================
[2024-11-02T08:15:21.576+0000] {manager.py:997} INFO - 
================================================================================
DAG File Processing Stats

File Path                  PID    Runtime      # DAGs    # Errors  Last Runtime    Last Run               Last # of DB Queries
-------------------------  -----  ---------  --------  ----------  --------------  -------------------  ----------------------
/opt/airflow/dags/dags.py                           1           0  1.69s           2024-11-02T08:15:12                      12
================================================================================
[2024-11-02T08:15:51.792+0000] {manager.py:997} INFO - 
================================================================================
DAG File Processing Stats

File Path                  PID    Runtime      # DAGs    # Errors  Last Runtime    Last Run               Last # of DB Queries
-------------------------  -----  ---------  --------  ----------  --------------  -------------------  ----------------------
/opt/airflow/dags/dags.py                           1           0  2.48s           2024-11-02T08:15:47                      12
================================================================================
[2024-11-02T08:16:12.411+0000] {manager.py:821} INFO - Searching for files in /opt/airflow/dags
[2024-11-02T08:16:12.792+0000] {manager.py:824} INFO - There are 1 files in /opt/airflow/dags
[2024-11-02T08:16:21.930+0000] {manager.py:997} INFO - 
================================================================================
DAG File Processing Stats

File Path                  PID    Runtime      # DAGs    # Errors  Last Runtime    Last Run               Last # of DB Queries
-------------------------  -----  ---------  --------  ----------  --------------  -------------------  ----------------------
/opt/airflow/dags/dags.py                           1           0  4.43s           2024-11-02T08:16:14                      12
================================================================================
[2024-11-02T08:16:52.611+0000] {manager.py:997} INFO - 
================================================================================
DAG File Processing Stats

File Path                  PID    Runtime      # DAGs    # Errors  Last Runtime    Last Run               Last # of DB Queries
-------------------------  -----  ---------  --------  ----------  --------------  -------------------  ----------------------
/opt/airflow/dags/dags.py                           1           0  1.04s           2024-11-02T08:16:49                      12
================================================================================
[2024-11-02T08:17:22.983+0000] {manager.py:997} INFO - 
================================================================================
DAG File Processing Stats

File Path                    PID  Runtime      # DAGs    # Errors  Last Runtime    Last Run               Last # of DB Queries
-------------------------  -----  ---------  --------  ----------  --------------  -------------------  ----------------------
/opt/airflow/dags/dags.py    842  0.77s             1           0  0.86s           2024-11-02T08:17:12                      12
================================================================================
[2024-11-02T08:17:53.600+0000] {manager.py:997} INFO - 
================================================================================
DAG File Processing Stats

File Path                  PID    Runtime      # DAGs    # Errors  Last Runtime    Last Run               Last # of DB Queries
-------------------------  -----  ---------  --------  ----------  --------------  -------------------  ----------------------
/opt/airflow/dags/dags.py                           1           0  2.40s           2024-11-02T08:17:46                      12
================================================================================
[2024-11-02T08:18:24.298+0000] {manager.py:997} INFO - 
================================================================================
DAG File Processing Stats

File Path                  PID    Runtime      # DAGs    # Errors  Last Runtime    Last Run               Last # of DB Queries
-------------------------  -----  ---------  --------  ----------  --------------  -------------------  ----------------------
/opt/airflow/dags/dags.py                           1           0  2.05s           2024-11-02T08:18:21                      12
================================================================================
[2024-11-02T08:18:54.891+0000] {manager.py:997} INFO - 
================================================================================
DAG File Processing Stats

File Path                  PID    Runtime      # DAGs    # Errors  Last Runtime    Last Run               Last # of DB Queries
-------------------------  -----  ---------  --------  ----------  --------------  -------------------  ----------------------
/opt/airflow/dags/dags.py                           1           0  4.18s           2024-11-02T08:18:47                      12
================================================================================
[2024-11-02T08:19:24.904+0000] {manager.py:997} INFO - 
================================================================================
DAG File Processing Stats

File Path                  PID    Runtime      # DAGs    # Errors  Last Runtime    Last Run               Last # of DB Queries
-------------------------  -----  ---------  --------  ----------  --------------  -------------------  ----------------------
/opt/airflow/dags/dags.py                           1           0  1.11s           2024-11-02T08:19:23                      12
================================================================================
[2024-11-02T08:19:54.927+0000] {manager.py:997} INFO - 
================================================================================
DAG File Processing Stats

File Path                  PID    Runtime      # DAGs    # Errors  Last Runtime    Last Run               Last # of DB Queries
-------------------------  -----  ---------  --------  ----------  --------------  -------------------  ----------------------
/opt/airflow/dags/dags.py                           1           0  1.69s           2024-11-02T08:19:50                      12
================================================================================
[2024-11-02T08:20:25.003+0000] {manager.py:997} INFO - 
================================================================================
DAG File Processing Stats

File Path                    PID  Runtime      # DAGs    # Errors  Last Runtime    Last Run               Last # of DB Queries
-------------------------  -----  ---------  --------  ----------  --------------  -------------------  ----------------------
/opt/airflow/dags/dags.py    932  1.02s             1           0  1.62s           2024-11-02T08:20:13                      12
================================================================================
[2024-11-02T08:20:55.544+0000] {manager.py:997} INFO - 
================================================================================
DAG File Processing Stats

File Path                  PID    Runtime      # DAGs    # Errors  Last Runtime    Last Run               Last # of DB Queries
-------------------------  -----  ---------  --------  ----------  --------------  -------------------  ----------------------
/opt/airflow/dags/dags.py                           1           0  2.71s           2024-11-02T08:20:49                      12
================================================================================
[2024-11-02T08:21:12.538+0000] {manager.py:821} INFO - Searching for files in /opt/airflow/dags
[2024-11-02T08:21:12.626+0000] {manager.py:824} INFO - There are 1 files in /opt/airflow/dags
[2024-11-02T08:21:25.957+0000] {manager.py:997} INFO - 
================================================================================
DAG File Processing Stats

File Path                  PID    Runtime      # DAGs    # Errors  Last Runtime    Last Run               Last # of DB Queries
-------------------------  -----  ---------  --------  ----------  --------------  -------------------  ----------------------
/opt/airflow/dags/dags.py                           1           0  2.70s           2024-11-02T08:21:15                      12
================================================================================
[2024-11-02T08:21:56.399+0000] {manager.py:997} INFO - 
================================================================================
DAG File Processing Stats

File Path                  PID    Runtime      # DAGs    # Errors  Last Runtime    Last Run               Last # of DB Queries
-------------------------  -----  ---------  --------  ----------  --------------  -------------------  ----------------------
/opt/airflow/dags/dags.py                           1           0  1.16s           2024-11-02T08:21:52                      12
================================================================================
[2024-11-02T08:22:26.721+0000] {manager.py:997} INFO - 
================================================================================
DAG File Processing Stats

File Path                    PID  Runtime      # DAGs    # Errors  Last Runtime    Last Run               Last # of DB Queries
-------------------------  -----  ---------  --------  ----------  --------------  -------------------  ----------------------
/opt/airflow/dags/dags.py    992  0.00s             1           0  1.96s           2024-11-02T08:22:16                      12
================================================================================
[2024-11-02T08:22:56.919+0000] {manager.py:997} INFO - 
================================================================================
DAG File Processing Stats

File Path                  PID    Runtime      # DAGs    # Errors  Last Runtime    Last Run               Last # of DB Queries
-------------------------  -----  ---------  --------  ----------  --------------  -------------------  ----------------------
/opt/airflow/dags/dags.py                           1           0  1.81s           2024-11-02T08:22:51                      12
================================================================================
[2024-11-02T08:23:27.533+0000] {manager.py:997} INFO - 
================================================================================
DAG File Processing Stats

File Path                    PID  Runtime      # DAGs    # Errors  Last Runtime    Last Run               Last # of DB Queries
-------------------------  -----  ---------  --------  ----------  --------------  -------------------  ----------------------
/opt/airflow/dags/dags.py   1022  1.02s             1           0  1.89s           2024-11-02T08:23:16                      12
================================================================================
[2024-11-02T08:23:58.399+0000] {manager.py:997} INFO - 
================================================================================
DAG File Processing Stats

File Path                  PID    Runtime      # DAGs    # Errors  Last Runtime    Last Run               Last # of DB Queries
-------------------------  -----  ---------  --------  ----------  --------------  -------------------  ----------------------
/opt/airflow/dags/dags.py                           1           0  1.12s           2024-11-02T08:23:51                      12
================================================================================
[2024-11-02T08:24:28.844+0000] {manager.py:997} INFO - 
================================================================================
DAG File Processing Stats

File Path                  PID    Runtime      # DAGs    # Errors  Last Runtime    Last Run               Last # of DB Queries
-------------------------  -----  ---------  --------  ----------  --------------  -------------------  ----------------------
/opt/airflow/dags/dags.py                           1           0  1.61s           2024-11-02T08:24:26                      12
================================================================================
[2024-11-02T08:24:59.314+0000] {manager.py:997} INFO - 
================================================================================
DAG File Processing Stats

File Path                    PID  Runtime      # DAGs    # Errors  Last Runtime    Last Run               Last # of DB Queries
-------------------------  -----  ---------  --------  ----------  --------------  -------------------  ----------------------
/opt/airflow/dags/dags.py   1070  0.63s             1           0  1.49s           2024-11-02T08:24:48                      12
================================================================================
[2024-11-02T08:25:29.511+0000] {manager.py:997} INFO - 
================================================================================
DAG File Processing Stats

File Path                  PID    Runtime      # DAGs    # Errors  Last Runtime    Last Run               Last # of DB Queries
-------------------------  -----  ---------  --------  ----------  --------------  -------------------  ----------------------
/opt/airflow/dags/dags.py                           1           0  1.32s           2024-11-02T08:25:23                      12
================================================================================
[2024-11-02T08:25:38.472+0000] {manager.py:465} INFO - Exiting gracefully upon receiving signal 15
